2025-05-10 11:31:42 [INFO] StepDefnition.StepDef1 - launch Browser
2025-05-10 11:31:43 [INFO] StepDefnition.StepDef1 - Enter username and password
2025-05-10 11:31:53 [INFO] StepDefnition.StepDef1 - Click on login button
2025-05-10 11:32:57 [INFO] StepDefnition.StepDef1 - launch Browser
2025-05-10 11:32:58 [INFO] StepDefnition.StepDef1 - Enter username and password
2025-05-10 11:33:02 [INFO] StepDefnition.StepDef1 - Click on login button
2025-05-10 11:35:16 [INFO] StepDefnition.StepDef1 - launch Browser
2025-05-10 11:35:16 [INFO] StepDefnition.StepDef1 - Enter username and password
2025-05-10 11:35:25 [INFO] StepDefnition.StepDef1 - Click on login button
2025-05-10 11:35:29 [INFO] StepDefnition.StepDef3 - Validate total no of webelement on the page
2025-05-10 16:34:11 [INFO] StepDefnition.StepDef1 - Enter username and password
2025-05-10 16:35:48 [INFO] StepDefnition.StepDef1 - launch Browser
2025-05-10 16:35:48 [INFO] StepDefnition.StepDef1 - Enter username and password
2025-05-10 16:35:51 [INFO] StepDefnition.StepDef1 - Click on login button
2025-05-10 16:35:53 [INFO] StepDefnition.StepDef3 - Validate total no of webelement on the page
2025-05-10 16:41:44 [INFO] StepDefnition.StepDef1 - launch Browser
2025-05-10 16:41:45 [INFO] StepDefnition.StepDef1 - Enter username and password
2025-05-10 16:41:50 [INFO] StepDefnition.StepDef1 - Click on login button
2025-05-10 16:41:53 [INFO] StepDefnition.StepDef3 - Validate total no of hyperlinks
2025-05-10 16:42:25 [INFO] StepDefnition.StepDef1 - launch Browser
2025-05-10 16:42:25 [INFO] StepDefnition.StepDef1 - Enter username and password
2025-05-10 16:42:26 [INFO] StepDefnition.StepDef1 - Click on login button
2025-05-10 16:42:28 [INFO] StepDefnition.StepDef3 - Validate total no of hyperlinks
2025-05-10 16:43:55 [INFO] StepDefnition.StepDef1 - launch Browser
2025-05-10 16:43:56 [INFO] StepDefnition.StepDef1 - Enter username and password
2025-05-10 16:44:01 [INFO] StepDefnition.StepDef1 - Click on login button
2025-05-10 16:44:05 [INFO] StepDefnition.StepDef3 - Validate total no of hyperlinks
2025-05-10 16:49:55 [INFO] StepDefnition.StepDef1 - launch Browser
2025-05-10 16:49:55 [INFO] StepDefnition.StepDef1 - Enter username and password
2025-05-10 16:50:01 [INFO] StepDefnition.StepDef1 - Click on login button
2025-05-10 16:57:56 [INFO] StepDefnition.StepDef1 - launch Browser
2025-05-10 16:57:56 [INFO] StepDefnition.StepDef1 - Enter username and password
2025-05-10 16:57:58 [INFO] StepDefnition.StepDef1 - Click on login button
2025-05-10 16:58:02 [INFO] StepDefnition.StepDef3 - Validate total no of hyperlinks
2025-05-10 17:22:20 [INFO] StepDefnition.StepDef1 - launch Browser
2025-05-10 17:22:21 [INFO] StepDefnition.StepDef1 - Enter username and password
2025-05-10 17:22:22 [INFO] StepDefnition.StepDef1 - Click on login button
2025-05-10 17:24:52 [INFO] StepDefnition.StepDef1 - launch Browser
2025-05-10 17:24:52 [INFO] StepDefnition.StepDef1 - Enter username and password
2025-05-10 17:24:52 [INFO] StepDefnition.StepDef1 - Click on login button
2025-05-10 17:24:57 [INFO] StepDefnition.StepDef3 - Validate total no of hyperlinks
2025-05-10 17:24:59 [INFO] StepDefnition.StepDef1 - launch Browser
2025-05-10 17:24:59 [INFO] StepDefnition.StepDef1 - Enter username and password
2025-05-10 17:27:34 [INFO] StepDefnition.StepDef1 - launch Browser
2025-05-10 17:27:34 [INFO] StepDefnition.StepDef1 - Enter username and password
2025-05-10 17:27:36 [INFO] StepDefnition.StepDef1 - Click on login button
2025-05-10 17:27:40 [INFO] StepDefnition.StepDef3 - Validate total no of hyperlinks
2025-05-10 17:27:42 [INFO] StepDefnition.StepDef1 - launch Browser
2025-05-10 17:27:42 [INFO] StepDefnition.StepDef1 - Enter username and password
2025-05-10 17:30:37 [INFO] StepDefnition.StepDef1 - launch Browser
2025-05-10 17:30:37 [INFO] StepDefnition.StepDef1 - Enter username and password
2025-05-10 17:30:39 [INFO] StepDefnition.StepDef1 - Click on login button
2025-05-10 17:37:51 [INFO] StepDefnition.StepDef1 - launch Browser
2025-05-10 17:37:51 [INFO] StepDefnition.StepDef1 - Enter username and password
2025-05-10 17:37:56 [INFO] StepDefnition.StepDef1 - Click on login button
2025-05-10 17:37:58 [INFO] StepDefnition.StepDef3 - Validate total no of hyperlinks
2025-05-10 17:38:03 [INFO] StepDefnition.StepDef1 - launch Browser
2025-05-10 17:38:03 [INFO] StepDefnition.StepDef1 - Enter username and password
2025-05-10 17:40:27 [INFO] StepDefnition.StepDef1 - launch Browser
2025-05-10 17:40:27 [INFO] StepDefnition.StepDef1 - Enter username and password
2025-05-10 17:40:28 [INFO] StepDefnition.StepDef1 - Click on login button
2025-05-10 17:40:30 [INFO] StepDefnition.StepDef3 - Validate total no of hyperlinks
2025-05-10 17:42:09 [INFO] StepDefnition.StepDef1 - launch Browser
2025-05-10 17:42:09 [INFO] StepDefnition.StepDef1 - Enter username and password
2025-05-10 17:42:10 [INFO] StepDefnition.StepDef1 - Click on login button
2025-05-10 17:42:12 [INFO] StepDefnition.StepDef3 - Validate total no of hyperlinks
2025-05-10 17:42:12 [INFO] StepDefnition.StepDef3 - Validate the total no of imagelink
2025-05-10 17:48:13 [INFO] StepDefnition.StepDef1 - launch Browser
2025-05-10 17:48:13 [INFO] StepDefnition.StepDef1 - Enter username and password
2025-05-10 17:48:22 [INFO] StepDefnition.StepDef1 - Click on login button
2025-05-10 17:48:26 [INFO] StepDefnition.StepDef3 - Validate total no of hyperlinks
2025-05-10 17:48:27 [INFO] StepDefnition.StepDef3 - Validate the total no of imagelink
2025-05-10 17:53:27 [INFO] StepDefnition.StepDef1 - launch Browser
2025-05-10 17:53:27 [INFO] StepDefnition.StepDef1 - Enter username and password
2025-05-10 17:53:29 [INFO] StepDefnition.StepDef1 - Click on login button
2025-05-10 17:53:31 [INFO] StepDefnition.StepDef3 - Validate total no of hyperlinks
2025-05-10 17:53:31 [INFO] StepDefnition.StepDef3 - Validate the total no of imagelink
2025-05-10 18:08:59 [INFO] StepDefnition.StepDef1 - launch Browser
2025-05-10 18:09:00 [INFO] StepDefnition.StepDef1 - Enter username and password
2025-05-10 18:09:07 [INFO] StepDefnition.StepDef1 - Click on login button
2025-05-10 18:09:12 [INFO] StepDefnition.StepDef3 - Validate total no of hyperlinks
2025-05-10 18:09:15 [INFO] StepDefnition.StepDef3 - Validate the total no of imagelink
2025-05-10 18:20:03 [INFO] StepDefnition.StepDef1 - launch Browser
2025-05-10 18:20:03 [INFO] StepDefnition.StepDef1 - Enter username and password
2025-05-10 18:20:10 [INFO] StepDefnition.StepDef1 - Click on login button
2025-05-10 18:20:16 [INFO] StepDefnition.StepDef3 - Validate total no of hyperlinks
2025-05-10 18:20:19 [INFO] StepDefnition.StepDef3 - Validate the total no of imagelink
